# JRE version: OpenJDK Runtime Environment (11.0.3+7) (build 11.0.3+7-post-Raspbian-5)
# Java VM: OpenJDK Server VM (11.0.3+7-post-Raspbian-5, mixed mode, serial gc, linux-)
Heap:
 def new generation   total 206464K, used 0K [0x34c00000, 0x42c00000, 0x49c00000)
  eden space 183552K,   0% used [0x34c00000, 0x34c00000, 0x3ff40000)
  from space 22912K,   0% used [0x3ff40000, 0x3ff40000, 0x415a0000)
  to   space 22912K,   0% used [0x415a0000, 0x415a0000, 0x42c00000)
 tenured generation   total 467348K, used 369675K [0x49c00000, 0x66465000, 0x73c00000)
   the space 467348K,  79% used [0x49c00000, 0x60502cf8, 0x60502e00, 0x66465000)
 Metaspace       used 54919K, capacity 56608K, committed 56832K, reserved 57648K
GC Heap History (10 events):
Event: 3692.381 GC heap after
{Heap after GC invocations=470 (full 4):
 def new generation   total 206464K, used 13073K [0x34c00000, 0x42c00000, 0x49c00000)
  eden space 183552K,   0% used [0x34c00000, 0x34c00000, 0x3ff40000)
  from space 22912K,  57% used [0x415a0000, 0x42264750, 0x42c00000)
  to   space 22912K,   0% used [0x3ff40000, 0x3ff40000, 0x415a0000)
 tenured generation   total 458516K, used 437214K [0x49c00000, 0x65bc5000, 0x73c00000)
   the space 458516K,  95% used [0x49c00000, 0x646f7930, 0x646f7a00, 0x65bc5000)
 Metaspace       used 54913K, capacity 56573K, committed 56704K, reserved 57648K
}
Event: 3699.981 GC heap before
{Heap before GC invocations=470 (full 4):
 def new generation   total 206464K, used 196625K [0x34c00000, 0x42c00000, 0x49c00000)
  eden space 183552K, 100% used [0x34c00000, 0x3ff40000, 0x3ff40000)
  from space 22912K,  57% used [0x415a0000, 0x42264750, 0x42c00000)
  to   space 22912K,   0% used [0x3ff40000, 0x3ff40000, 0x415a0000)
 tenured generation   total 458516K, used 437214K [0x49c00000, 0x65bc5000, 0x73c00000)
   the space 458516K,  95% used [0x49c00000, 0x646f7930, 0x646f7a00, 0x65bc5000)
 Metaspace       used 54913K, capacity 56573K, committed 56704K, reserved 57648K
}
Event: 3700.076 GC heap after
{Heap after GC invocations=471 (full 4):
 def new generation   total 206464K, used 12311K [0x34c00000, 0x42c00000, 0x49c00000)
  eden space 183552K,   0% used [0x34c00000, 0x34c00000, 0x3ff40000)
  from space 22912K,  53% used [0x3ff40000, 0x40b45fa0, 0x415a0000)
  to   space 22912K,   0% used [0x415a0000, 0x415a0000, 0x42c00000)
 tenured generation   total 458516K, used 439810K [0x49c00000, 0x65bc5000, 0x73c00000)
   the space 458516K,  95% used [0x49c00000, 0x64980b18, 0x64980c00, 0x65bc5000)
 Metaspace       used 54913K, capacity 56573K, committed 56704K, reserved 57648K
}
Event: 3707.435 GC heap before
{Heap before GC invocations=471 (full 4):
 def new generation   total 206464K, used 195863K [0x34c00000, 0x42c00000, 0x49c00000)
  eden space 183552K, 100% used [0x34c00000, 0x3ff40000, 0x3ff40000)
  from space 22912K,  53% used [0x3ff40000, 0x40b45fa0, 0x415a0000)
  to   space 22912K,   0% used [0x415a0000, 0x415a0000, 0x42c00000)
 tenured generation   total 458516K, used 439810K [0x49c00000, 0x65bc5000, 0x73c00000)
   the space 458516K,  95% used [0x49c00000, 0x64980b18, 0x64980c00, 0x65bc5000)
 Metaspace       used 54914K, capacity 56573K, committed 56704K, reserved 57648K
}
Event: 3707.520 GC heap after
{Heap after GC invocations=472 (full 4):
 def new generation   total 206464K, used 11570K [0x34c00000, 0x42c00000, 0x49c00000)
  eden space 183552K,   0% used [0x34c00000, 0x34c00000, 0x3ff40000)
  from space 22912K,  50% used [0x415a0000, 0x420ecbf8, 0x42c00000)
  to   space 22912K,   0% used [0x3ff40000, 0x3ff40000, 0x415a0000)
 tenured generation   total 458516K, used 441853K [0x49c00000, 0x65bc5000, 0x73c00000)
   the space 458516K,  96% used [0x49c00000, 0x64b7f6b8, 0x64b7f800, 0x65bc5000)
 Metaspace       used 54914K, capacity 56573K, committed 56704K, reserved 57648K
}
Event: 3714.776 GC heap before
{Heap before GC invocations=472 (full 4):
 def new generation   total 206464K, used 194939K [0x34c00000, 0x42c00000, 0x49c00000)
  eden space 183552K,  99% used [0x34c00000, 0x3ff12390, 0x3ff40000)
  from space 22912K,  50% used [0x415a0000, 0x420ecbf8, 0x42c00000)
  to   space 22912K,   0% used [0x3ff40000, 0x3ff40000, 0x415a0000)
 tenured generation   total 458516K, used 441853K [0x49c00000, 0x65bc5000, 0x73c00000)
   the space 458516K,  96% used [0x49c00000, 0x64b7f6b8, 0x64b7f800, 0x65bc5000)
 Metaspace       used 54914K, capacity 56573K, committed 56704K, reserved 57648K
}
Event: 3714.884 GC heap after
{Heap after GC invocations=473 (full 4):
 def new generation   total 206464K, used 14022K [0x34c00000, 0x42c00000, 0x49c00000)
  eden space 183552K,   0% used [0x34c00000, 0x34c00000, 0x3ff40000)
  from space 22912K,  61% used [0x3ff40000, 0x40cf1a70, 0x415a0000)
  to   space 22912K,   0% used [0x415a0000, 0x415a0000, 0x42c00000)
 tenured generation   total 458516K, used 444259K [0x49c00000, 0x65bc5000, 0x73c00000)
   the space 458516K,  96% used [0x49c00000, 0x64dd8f10, 0x64dd9000, 0x65bc5000)
 Metaspace       used 54914K, capacity 56573K, committed 56704K, reserved 57648K
}
Event: 3730.222 GC heap before
{Heap before GC invocations=473 (full 4):
 def new generation   total 206464K, used 197574K [0x34c00000, 0x42c00000, 0x49c00000)
  eden space 183552K, 100% used [0x34c00000, 0x3ff40000, 0x3ff40000)
  from space 22912K,  61% used [0x3ff40000, 0x40cf1a70, 0x415a0000)
  to   space 22912K,   0% used [0x415a0000, 0x415a0000, 0x42c00000)
 tenured generation   total 458516K, used 444259K [0x49c00000, 0x65bc5000, 0x73c00000)
   the space 458516K,  96% used [0x49c00000, 0x64dd8f10, 0x64dd9000, 0x65bc5000)
 Metaspace       used 54916K, capacity 56573K, committed 56704K, reserved 57648K
}
Event: 3731.670 GC heap after
{Heap after GC invocations=474 (full 4):
 def new generation   total 206464K, used 20247K [0x34c00000, 0x42c00000, 0x49c00000)
  eden space 183552K,   0% used [0x34c00000, 0x34c00000, 0x3ff40000)
  from space 22912K,  88% used [0x415a0000, 0x42965c78, 0x42c00000)
  to   space 22912K,   0% used [0x3ff40000, 0x3ff40000, 0x415a0000)
 tenured generation   total 458516K, used 448320K [0x49c00000, 0x65bc5000, 0x73c00000)
   the space 458516K,  97% used [0x49c00000, 0x651d01c8, 0x651d0200, 0x65bc5000)
 Metaspace       used 54916K, capacity 56573K, committed 56704K, reserved 57648K
}
Event: 3739.568 GC heap before
{Heap before GC invocations=474 (full 4):
 def new generation   total 206464K, used 203799K [0x34c00000, 0x42c00000, 0x49c00000)
  eden space 183552K, 100% used [0x34c00000, 0x3ff40000, 0x3ff40000)
  from space 22912K,  88% used [0x415a0000, 0x42965c78, 0x42c00000)
  to   space 22912K,   0% used [0x3ff40000, 0x3ff40000, 0x415a0000)
 tenured generation   total 458516K, used 448320K [0x49c00000, 0x65bc5000, 0x73c00000)
   the space 458516K,  97% used [0x49c00000, 0x651d01c8, 0x651d0200, 0x65bc5000)
 Metaspace       used 54919K, capacity 56608K, committed 56832K, reserved 57648K
}

