# JRE version: OpenJDK Runtime Environment (11.0.3+7) (build 11.0.3+7-post-Raspbian-5)
# Java VM: OpenJDK Server VM (11.0.3+7-post-Raspbian-5, mixed mode, serial gc, linux-)
Heap:
 def new generation   total 216832K, used 0K [0x34c00000, 0x43740000, 0x49c00000)
  eden space 192768K,   0% used [0x34c00000, 0x34c00000, 0x40840000)
  from space 24064K,   0% used [0x41fc0000, 0x41fc0000, 0x43740000)
  to   space 24064K,   0% used [0x40840000, 0x40840000, 0x41fc0000)
 tenured generation   total 481856K, used 352155K [0x49c00000, 0x67290000, 0x73c00000)
   the space 481856K,  73% used [0x49c00000, 0x5f3e6de8, 0x5f3e6e00, 0x67290000)
 Metaspace       used 55771K, capacity 57568K, committed 57600K, reserved 57648K
GC Heap History (10 events):
Event: 1695.841 GC heap after
{Heap after GC invocations=347 (full 4):
 def new generation   total 216832K, used 12182K [0x34c00000, 0x43740000, 0x49c00000)
  eden space 192768K,   0% used [0x34c00000, 0x34c00000, 0x40840000)
  from space 24064K,  50% used [0x40840000, 0x41425a78, 0x41fc0000)
  to   space 24064K,   0% used [0x41fc0000, 0x41fc0000, 0x43740000)
 tenured generation   total 481600K, used 473666K [0x49c00000, 0x67250000, 0x73c00000)
   the space 481600K,  98% used [0x49c00000, 0x66a908a8, 0x66a90a00, 0x67250000)
 Metaspace       used 55771K, capacity 57568K, committed 57600K, reserved 57648K
}
Event: 1704.894 GC heap before
{Heap before GC invocations=347 (full 4):
 def new generation   total 216832K, used 204950K [0x34c00000, 0x43740000, 0x49c00000)
  eden space 192768K, 100% used [0x34c00000, 0x40840000, 0x40840000)
  from space 24064K,  50% used [0x40840000, 0x41425a78, 0x41fc0000)
  to   space 24064K,   0% used [0x41fc0000, 0x41fc0000, 0x43740000)
 tenured generation   total 481600K, used 473666K [0x49c00000, 0x67250000, 0x73c00000)
   the space 481600K,  98% used [0x49c00000, 0x66a908a8, 0x66a90a00, 0x67250000)
 Metaspace       used 55771K, capacity 57568K, committed 57600K, reserved 57648K
}
Event: 1704.966 GC heap after
{Heap after GC invocations=348 (full 4):
 def new generation   total 216832K, used 11957K [0x34c00000, 0x43740000, 0x49c00000)
  eden space 192768K,   0% used [0x34c00000, 0x34c00000, 0x40840000)
  from space 24064K,  49% used [0x41fc0000, 0x42b6d630, 0x43740000)
  to   space 24064K,   0% used [0x40840000, 0x40840000, 0x41fc0000)
 tenured generation   total 481600K, used 474652K [0x49c00000, 0x67250000, 0x73c00000)
   the space 481600K,  98% used [0x49c00000, 0x66b87008, 0x66b87200, 0x67250000)
 Metaspace       used 55771K, capacity 57568K, committed 57600K, reserved 57648K
}
Event: 1709.871 GC heap before
{Heap before GC invocations=348 (full 4):
 def new generation   total 216832K, used 204725K [0x34c00000, 0x43740000, 0x49c00000)
  eden space 192768K, 100% used [0x34c00000, 0x40840000, 0x40840000)
  from space 24064K,  49% used [0x41fc0000, 0x42b6d630, 0x43740000)
  to   space 24064K,   0% used [0x40840000, 0x40840000, 0x41fc0000)
 tenured generation   total 481600K, used 474652K [0x49c00000, 0x67250000, 0x73c00000)
   the space 481600K,  98% used [0x49c00000, 0x66b87008, 0x66b87200, 0x67250000)
 Metaspace       used 55771K, capacity 57568K, committed 57600K, reserved 57648K
}
Event: 1709.951 GC heap after
{Heap after GC invocations=349 (full 4):
 def new generation   total 216832K, used 13930K [0x34c00000, 0x43740000, 0x49c00000)
  eden space 192768K,   0% used [0x34c00000, 0x34c00000, 0x40840000)
  from space 24064K,  57% used [0x40840000, 0x415daa00, 0x41fc0000)
  to   space 24064K,   0% used [0x41fc0000, 0x41fc0000, 0x43740000)
 tenured generation   total 481600K, used 474741K [0x49c00000, 0x67250000, 0x73c00000)
   the space 481600K,  98% used [0x49c00000, 0x66b9d4b0, 0x66b9d600, 0x67250000)
 Metaspace       used 55771K, capacity 57568K, committed 57600K, reserved 57648K
}
Event: 1714.664 GC heap before
{Heap before GC invocations=349 (full 4):
 def new generation   total 216832K, used 206698K [0x34c00000, 0x43740000, 0x49c00000)
  eden space 192768K, 100% used [0x34c00000, 0x40840000, 0x40840000)
  from space 24064K,  57% used [0x40840000, 0x415daa00, 0x41fc0000)
  to   space 24064K,   0% used [0x41fc0000, 0x41fc0000, 0x43740000)
 tenured generation   total 481600K, used 474741K [0x49c00000, 0x67250000, 0x73c00000)
   the space 481600K,  98% used [0x49c00000, 0x66b9d4b0, 0x66b9d600, 0x67250000)
 Metaspace       used 55771K, capacity 57568K, committed 57600K, reserved 57648K
}
Event: 1714.751 GC heap after
{Heap after GC invocations=350 (full 4):
 def new generation   total 216832K, used 13707K [0x34c00000, 0x43740000, 0x49c00000)
  eden space 192768K,   0% used [0x34c00000, 0x34c00000, 0x40840000)
  from space 24064K,  56% used [0x41fc0000, 0x42d22e58, 0x43740000)
  to   space 24064K,   0% used [0x40840000, 0x40840000, 0x41fc0000)
 tenured generation   total 481600K, used 477023K [0x49c00000, 0x67250000, 0x73c00000)
   the space 481600K,  99% used [0x49c00000, 0x66dd7d60, 0x66dd7e00, 0x67250000)
 Metaspace       used 55771K, capacity 57568K, committed 57600K, reserved 57648K
}
Event: 1719.958 GC heap before
{Heap before GC invocations=350 (full 4):
 def new generation   total 216832K, used 206475K [0x34c00000, 0x43740000, 0x49c00000)
  eden space 192768K, 100% used [0x34c00000, 0x40840000, 0x40840000)
  from space 24064K,  56% used [0x41fc0000, 0x42d22e58, 0x43740000)
  to   space 24064K,   0% used [0x40840000, 0x40840000, 0x41fc0000)
 tenured generation   total 481600K, used 477023K [0x49c00000, 0x67250000, 0x73c00000)
   the space 481600K,  99% used [0x49c00000, 0x66dd7d60, 0x66dd7e00, 0x67250000)
 Metaspace       used 55771K, capacity 57568K, committed 57600K, reserved 57648K
}
Event: 1720.040 GC heap after
{Heap after GC invocations=351 (full 4):
 def new generation   total 216832K, used 13400K [0x34c00000, 0x43740000, 0x49c00000)
  eden space 192768K,   0% used [0x34c00000, 0x34c00000, 0x40840000)
  from space 24064K,  55% used [0x40840000, 0x415561e8, 0x41fc0000)
  to   space 24064K,   0% used [0x41fc0000, 0x41fc0000, 0x43740000)
 tenured generation   total 481600K, used 479000K [0x49c00000, 0x67250000, 0x73c00000)
   the space 481600K,  99% used [0x49c00000, 0x66fc6380, 0x66fc6400, 0x67250000)
 Metaspace       used 55771K, capacity 57568K, committed 57600K, reserved 57648K
}
Event: 1726.206 GC heap before
{Heap before GC invocations=351 (full 4):
 def new generation   total 216832K, used 206168K [0x34c00000, 0x43740000, 0x49c00000)
  eden space 192768K, 100% used [0x34c00000, 0x40840000, 0x40840000)
  from space 24064K,  55% used [0x40840000, 0x415561e8, 0x41fc0000)
  to   space 24064K,   0% used [0x41fc0000, 0x41fc0000, 0x43740000)
 tenured generation   total 481600K, used 479000K [0x49c00000, 0x67250000, 0x73c00000)
   the space 481600K,  99% used [0x49c00000, 0x66fc6380, 0x66fc6400, 0x67250000)
 Metaspace       used 55771K, capacity 57568K, committed 57600K, reserved 57648K
}

