# JRE version: OpenJDK Runtime Environment (11.0.3+7) (build 11.0.3+7-post-Raspbian-5)
# Java VM: OpenJDK Server VM (11.0.3+7-post-Raspbian-5, mixed mode, serial gc, linux-)
Heap:
 def new generation   total 212736K, used 0K [0x34c00000, 0x432c0000, 0x49c00000)
  eden space 189184K,   0% used [0x34c00000, 0x34c00000, 0x404c0000)
  from space 23552K,   0% used [0x41bc0000, 0x41bc0000, 0x432c0000)
  to   space 23552K,   0% used [0x404c0000, 0x404c0000, 0x41bc0000)
 tenured generation   total 474296K, used 355777K [0x49c00000, 0x66b2e000, 0x73c00000)
   the space 474296K,  75% used [0x49c00000, 0x5f770548, 0x5f770600, 0x66b2e000)
 Metaspace       used 54897K, capacity 56628K, committed 56652K, reserved 57648K
GC Heap History (10 events):
Event: 874.930 GC heap after
{Heap after GC invocations=238 (full 4):
 def new generation   total 212736K, used 12442K [0x34c00000, 0x432c0000, 0x49c00000)
  eden space 189184K,   0% used [0x34c00000, 0x34c00000, 0x404c0000)
  from space 23552K,  52% used [0x404c0000, 0x410e6bf0, 0x41bc0000)
  to   space 23552K,   0% used [0x41bc0000, 0x41bc0000, 0x432c0000)
 tenured generation   total 472504K, used 454201K [0x49c00000, 0x6696e000, 0x73c00000)
   the space 472504K,  96% used [0x49c00000, 0x6578e698, 0x6578e800, 0x6696e000)
 Metaspace       used 54822K, capacity 56553K, committed 56652K, reserved 57648K
}
Event: 884.241 GC heap before
{Heap before GC invocations=238 (full 4):
 def new generation   total 212736K, used 201626K [0x34c00000, 0x432c0000, 0x49c00000)
  eden space 189184K, 100% used [0x34c00000, 0x404c0000, 0x404c0000)
  from space 23552K,  52% used [0x404c0000, 0x410e6bf0, 0x41bc0000)
  to   space 23552K,   0% used [0x41bc0000, 0x41bc0000, 0x432c0000)
 tenured generation   total 472504K, used 454201K [0x49c00000, 0x6696e000, 0x73c00000)
   the space 472504K,  96% used [0x49c00000, 0x6578e698, 0x6578e800, 0x6696e000)
 Metaspace       used 54828K, capacity 56553K, committed 56652K, reserved 57648K
}
Event: 884.346 GC heap after
{Heap after GC invocations=239 (full 4):
 def new generation   total 212736K, used 12691K [0x34c00000, 0x432c0000, 0x49c00000)
  eden space 189184K,   0% used [0x34c00000, 0x34c00000, 0x404c0000)
  from space 23552K,  53% used [0x41bc0000, 0x42824c18, 0x432c0000)
  to   space 23552K,   0% used [0x404c0000, 0x404c0000, 0x41bc0000)
 tenured generation   total 472504K, used 458705K [0x49c00000, 0x6696e000, 0x73c00000)
   the space 472504K,  97% used [0x49c00000, 0x65bf45d0, 0x65bf4600, 0x6696e000)
 Metaspace       used 54828K, capacity 56553K, committed 56652K, reserved 57648K
}
Event: 891.231 GC heap before
{Heap before GC invocations=239 (full 4):
 def new generation   total 212736K, used 201875K [0x34c00000, 0x432c0000, 0x49c00000)
  eden space 189184K, 100% used [0x34c00000, 0x404c0000, 0x404c0000)
  from space 23552K,  53% used [0x41bc0000, 0x42824c18, 0x432c0000)
  to   space 23552K,   0% used [0x404c0000, 0x404c0000, 0x41bc0000)
 tenured generation   total 472504K, used 458705K [0x49c00000, 0x6696e000, 0x73c00000)
   the space 472504K,  97% used [0x49c00000, 0x65bf45d0, 0x65bf4600, 0x6696e000)
 Metaspace       used 54857K, capacity 56596K, committed 56652K, reserved 57648K
}
Event: 891.325 GC heap after
{Heap after GC invocations=240 (full 4):
 def new generation   total 212736K, used 15094K [0x34c00000, 0x432c0000, 0x49c00000)
  eden space 189184K,   0% used [0x34c00000, 0x34c00000, 0x404c0000)
  from space 23552K,  64% used [0x404c0000, 0x4137dbd8, 0x41bc0000)
  to   space 23552K,   0% used [0x41bc0000, 0x41bc0000, 0x432c0000)
 tenured generation   total 472504K, used 461386K [0x49c00000, 0x6696e000, 0x73c00000)
   the space 472504K,  97% used [0x49c00000, 0x65e92a10, 0x65e92c00, 0x6696e000)
 Metaspace       used 54857K, capacity 56596K, committed 56652K, reserved 57648K
}
Event: 896.091 GC heap before
{Heap before GC invocations=240 (full 4):
 def new generation   total 212736K, used 204278K [0x34c00000, 0x432c0000, 0x49c00000)
  eden space 189184K, 100% used [0x34c00000, 0x404c0000, 0x404c0000)
  from space 23552K,  64% used [0x404c0000, 0x4137dbd8, 0x41bc0000)
  to   space 23552K,   0% used [0x41bc0000, 0x41bc0000, 0x432c0000)
 tenured generation   total 472504K, used 461386K [0x49c00000, 0x6696e000, 0x73c00000)
   the space 472504K,  97% used [0x49c00000, 0x65e92a10, 0x65e92c00, 0x6696e000)
 Metaspace       used 54862K, capacity 56596K, committed 56652K, reserved 57648K
}
Event: 896.193 GC heap after
{Heap after GC invocations=241 (full 4):
 def new generation   total 212736K, used 13945K [0x34c00000, 0x432c0000, 0x49c00000)
  eden space 189184K,   0% used [0x34c00000, 0x34c00000, 0x404c0000)
  from space 23552K,  59% used [0x41bc0000, 0x4295e7b0, 0x432c0000)
  to   space 23552K,   0% used [0x404c0000, 0x404c0000, 0x41bc0000)
 tenured generation   total 472504K, used 464800K [0x49c00000, 0x6696e000, 0x73c00000)
   the space 472504K,  98% used [0x49c00000, 0x661e8128, 0x661e8200, 0x6696e000)
 Metaspace       used 54862K, capacity 56596K, committed 56652K, reserved 57648K
}
Event: 901.389 GC heap before
{Heap before GC invocations=241 (full 4):
 def new generation   total 212736K, used 203129K [0x34c00000, 0x432c0000, 0x49c00000)
  eden space 189184K, 100% used [0x34c00000, 0x404c0000, 0x404c0000)
  from space 23552K,  59% used [0x41bc0000, 0x4295e7b0, 0x432c0000)
  to   space 23552K,   0% used [0x404c0000, 0x404c0000, 0x41bc0000)
 tenured generation   total 472504K, used 464800K [0x49c00000, 0x6696e000, 0x73c00000)
   the space 472504K,  98% used [0x49c00000, 0x661e8128, 0x661e8200, 0x6696e000)
 Metaspace       used 54870K, capacity 56596K, committed 56652K, reserved 57648K
}
Event: 901.478 GC heap after
{Heap after GC invocations=242 (full 4):
 def new generation   total 212736K, used 12192K [0x34c00000, 0x432c0000, 0x49c00000)
  eden space 189184K,   0% used [0x34c00000, 0x34c00000, 0x404c0000)
  from space 23552K,  51% used [0x404c0000, 0x410a8140, 0x41bc0000)
  to   space 23552K,   0% used [0x41bc0000, 0x41bc0000, 0x432c0000)
 tenured generation   total 472504K, used 469798K [0x49c00000, 0x6696e000, 0x73c00000)
   the space 472504K,  99% used [0x49c00000, 0x666c9b18, 0x666c9c00, 0x6696e000)
 Metaspace       used 54870K, capacity 56596K, committed 56652K, reserved 57648K
}
Event: 906.259 GC heap before
{Heap before GC invocations=242 (full 4):
 def new generation   total 212736K, used 201376K [0x34c00000, 0x432c0000, 0x49c00000)
  eden space 189184K, 100% used [0x34c00000, 0x404c0000, 0x404c0000)
  from space 23552K,  51% used [0x404c0000, 0x410a8140, 0x41bc0000)
  to   space 23552K,   0% used [0x41bc0000, 0x41bc0000, 0x432c0000)
 tenured generation   total 472504K, used 469798K [0x49c00000, 0x6696e000, 0x73c00000)
   the space 472504K,  99% used [0x49c00000, 0x666c9b18, 0x666c9c00, 0x6696e000)
 Metaspace       used 54897K, capacity 56628K, committed 56652K, reserved 57648K
}

